Using pre-set license
Built from '2020.3/staging' branch; Version is '2020.3.4f1 (0abb6314276a) revision 703331'; Using compiler version '192528614'; Build Type 'Release'
OS: 'Windows 10 Home; OS build 19041.985; Version 2004; 64bit' Language: 'da' Physical Memory: 16279 MB
BatchMode: 1, IsHumanControllingUs: 0, StartBugReporterOnCrash: 0, Is64bit: 1, IsPro: 0

 COMMAND LINE ARGUMENTS:
C:\Program Files\Unity\Hub\Editor\2020.3.4f1\Editor\Unity.exe
-adb2
-batchMode
-noUpm
-name
AssetImportWorker0
-projectPath
C:/Users/simon/Desktop/Temple-of-Hon-ur2/Temple of Hon'ur 2.0
-logFile
Logs/AssetImportWorker0.log
-srvPort
57332
Successfully changed project path to: C:/Users/simon/Desktop/Temple-of-Hon-ur2/Temple of Hon'ur 2.0
C:/Users/simon/Desktop/Temple-of-Hon-ur2/Temple of Hon'ur 2.0
Using Asset Import Pipeline V2.
Refreshing native plugins compatible for Editor in 81.84 ms, found 0 plugins.
Preloading 0 native plugins for Editor in 0.00 ms.
Initialize engine version: 2020.3.4f1 (0abb6314276a)
[Subsystems] Discovering subsystems at path C:/Program Files/Unity/Hub/Editor/2020.3.4f1/Editor/Data/Resources/UnitySubsystems
[Subsystems] Discovering subsystems at path C:/Users/simon/Desktop/Temple-of-Hon-ur2/Temple of Hon'ur 2.0/Assets
GfxDevice: creating device client; threaded=0
Direct3D:
    Version:  Direct3D 11.0 [level 11.1]
    Renderer: NVIDIA GeForce RTX 2060 SUPER (ID=0x1f06)
    Vendor:   
    VRAM:     8031 MB
    Driver:   27.21.14.5671
Initialize mono
Mono path[0] = 'C:/Program Files/Unity/Hub/Editor/2020.3.4f1/Editor/Data/Managed'
Mono path[1] = 'C:/Program Files/Unity/Hub/Editor/2020.3.4f1/Editor/Data/MonoBleedingEdge/lib/mono/unityjit'
Mono config path = 'C:/Program Files/Unity/Hub/Editor/2020.3.4f1/Editor/Data/MonoBleedingEdge/etc'
Using monoOptions --debugger-agent=transport=dt_socket,embedding=1,server=y,suspend=n,address=127.0.0.1:56424
Begin MonoManager ReloadAssembly
Registering precompiled unity dll's ...
Register platform support module: C:/Program Files/Unity/Hub/Editor/2020.3.4f1/Editor/Data/PlaybackEngines/WindowsStandaloneSupport/UnityEditor.WindowsStandalone.Extensions.dll
Registered in 0.002233 seconds.
Native extension for WindowsStandalone target not found
Refreshing native plugins compatible for Editor in 76.45 ms, found 0 plugins.
Preloading 0 native plugins for Editor in 0.00 ms.
Mono: successfully reloaded assembly
- Completed reload, in  1.428 seconds
Platform modules already initialized, skipping
Registering precompiled user dll's ...
Registered in 0.001693 seconds.
Begin MonoManager ReloadAssembly
Native extension for WindowsStandalone target not found
Refreshing native plugins compatible for Editor in 85.15 ms, found 0 plugins.
Preloading 0 native plugins for Editor in 0.00 ms.
Mono: successfully reloaded assembly
- Completed reload, in  1.542 seconds
Platform modules already initialized, skipping
========================================================================
Worker process is ready to serve import requests
Launched and connected shader compiler UnityShaderCompiler.exe after 0.07 seconds
Refreshing native plugins compatible for Editor in 1.28 ms, found 0 plugins.
Preloading 0 native plugins for Editor in 0.00 ms.
Unloading 3496 Unused Serialized files (Serialized files now loaded: 0)
System memory in use before: 171.3 MB.
System memory in use after: 168.3 MB.

Unloading 44 unused Assets to reduce memory usage. Loaded Objects now: 3922.
Total: 7.257700 ms (FindLiveObjects: 0.570300 ms CreateObjectMapping: 0.298400 ms MarkObjects: 3.213100 ms  DeleteObjects: 3.174000 ms)

========================================================================
Received Import Request.
  path: Assets/Simon/Rock2
  artifactKey: Guid(606b2a29d32f14f4f86c6cae857b2eec) Importer(815301076,1909f56bfc062723c751e8b465ee728b)
Start importing Assets/Simon/Rock2 using Guid(606b2a29d32f14f4f86c6cae857b2eec) Importer(815301076,1909f56bfc062723c751e8b465ee728b)  -> (artifact id: '8c97ae48c478e221ceddcff8e097b37b') in 0.008364 seconds
  Import took 0.017053 seconds .

========================================================================
Received Import Request.
  Time since last request: 2.226584 seconds.
  path: Assets/Simon/Rocks
  artifactKey: Guid(411df12403651f349bc576baba4881ec) Importer(815301076,1909f56bfc062723c751e8b465ee728b)
Start importing Assets/Simon/Rocks using Guid(411df12403651f349bc576baba4881ec) Importer(815301076,1909f56bfc062723c751e8b465ee728b)  -> (artifact id: '92c34434d98df06bbbe5688d4fedb32d') in 0.002713 seconds
  Import took 0.010697 seconds .

========================================================================
Received Import Request.
  Time since last request: 22.513088 seconds.
  path: Assets/Simon/Rocks/Rock2/Rock2.obj
  artifactKey: Guid(41c05e0e3e7baf640a93d1aac7ca10d0) Importer(815301076,1909f56bfc062723c751e8b465ee728b)
Start importing Assets/Simon/Rocks/Rock2/Rock2.obj using Guid(41c05e0e3e7baf640a93d1aac7ca10d0) Importer(815301076,1909f56bfc062723c751e8b465ee728b) Launched and connected shader compiler UnityShaderCompiler.exe after 0.07 seconds
Launched and connected shader compiler UnityShaderCompiler.exe after 0.07 seconds
Launched and connected shader compiler UnityShaderCompiler.exe after 0.10 seconds
Launched and connected shader compiler UnityShaderCompiler.exe after 0.08 seconds
Launched and connected shader compiler UnityShaderCompiler.exe after 0.06 seconds
Launched and connected shader compiler UnityShaderCompiler.exe after 0.06 seconds
Launched and connected shader compiler UnityShaderCompiler.exe after 0.08 seconds
 -> (artifact id: '3746c453a8ec8e086479abae52bd74a6') in 2.413361 seconds
  Import took 2.421596 seconds .

========================================================================
Received Import Request.
  Time since last request: 0.643660 seconds.
  path: Assets/Simon/Rocks/Rock2/Rock2.obj
  artifactKey: Guid(41c05e0e3e7baf640a93d1aac7ca10d0) Importer(815301076,1909f56bfc062723c751e8b465ee728b)
Start importing Assets/Simon/Rocks/Rock2/Rock2.obj using Guid(41c05e0e3e7baf640a93d1aac7ca10d0) Importer(815301076,1909f56bfc062723c751e8b465ee728b)  -> (artifact id: '3746c453a8ec8e086479abae52bd74a6') in 0.054757 seconds
  Import took 0.061775 seconds .

========================================================================
Received Import Request.
  Time since last request: 18.204279 seconds.
  path: Assets/Simon/Rocks/Rock2/Rock2_Moss_M
  artifactKey: Guid(2a2f9c4962ea49f45936fb58514e72dd) Importer(815301076,1909f56bfc062723c751e8b465ee728b)
Start importing Assets/Simon/Rocks/Rock2/Rock2_Moss_M using Guid(2a2f9c4962ea49f45936fb58514e72dd) Importer(815301076,1909f56bfc062723c751e8b465ee728b)  -> (artifact id: 'bf0dd3c4639a8ff424df81d1914c2be8') in 0.003370 seconds
  Import took 0.012116 seconds .

========================================================================
Received Import Request.
  Time since last request: 9.407649 seconds.
  path: Assets/Simon/Rocks/Rock2/Rock2_M
  artifactKey: Guid(ee285b8ab8bf6624a862cde68fe7d939) Importer(815301076,1909f56bfc062723c751e8b465ee728b)
Start importing Assets/Simon/Rocks/Rock2/Rock2_M using Guid(ee285b8ab8bf6624a862cde68fe7d939) Importer(815301076,1909f56bfc062723c751e8b465ee728b)  -> (artifact id: '4bb698b6544ccb297b77d466220d1b1c') in 0.002386 seconds
  Import took 0.008311 seconds .

========================================================================
Received Import Request.
  Time since last request: 42.279807 seconds.
  path: Assets/Simon/Rocks/Rock2/Rock2_M/Rock2_NoMoss.mat
  artifactKey: Guid(d0ba18fda0fb2954eb042bc38099a066) Importer(815301076,1909f56bfc062723c751e8b465ee728b)
Start importing Assets/Simon/Rocks/Rock2/Rock2_M/Rock2_NoMoss.mat using Guid(d0ba18fda0fb2954eb042bc38099a066) Importer(815301076,1909f56bfc062723c751e8b465ee728b)  -> (artifact id: '433d2d3120b2700bef5978f8604fa62c') in 0.040656 seconds
  Import took 0.047444 seconds .

========================================================================
Received Import Request.
  Time since last request: 4.676742 seconds.
  path: Assets/Simon/Rocks/Rock2/Rock2_M/Texture_nomoss/Rock2_low_NoUv_Rock2_BaseMap.png
  artifactKey: Guid(d7f569bc2c00d4441864bdbe7692ef81) Importer(815301076,1909f56bfc062723c751e8b465ee728b)
Start importing Assets/Simon/Rocks/Rock2/Rock2_M/Texture_nomoss/Rock2_low_NoUv_Rock2_BaseMap.png using Guid(d7f569bc2c00d4441864bdbe7692ef81) Importer(815301076,1909f56bfc062723c751e8b465ee728b)  -> (artifact id: 'e21992b53cf61f09749c918d72556063') in 0.033834 seconds
  Import took 0.039975 seconds .

========================================================================
Received Import Request.
  Time since last request: 0.000246 seconds.
  path: Assets/Simon/Rocks/Rock2/Rock2_M/Texture_nomoss/Rock2_low_NoUv_Rock2_MaskMap.png
  artifactKey: Guid(72a5da075b640914b90fe577fc0d1195) Importer(815301076,1909f56bfc062723c751e8b465ee728b)
Start importing Assets/Simon/Rocks/Rock2/Rock2_M/Texture_nomoss/Rock2_low_NoUv_Rock2_MaskMap.png using Guid(72a5da075b640914b90fe577fc0d1195) Importer(815301076,1909f56bfc062723c751e8b465ee728b)  -> (artifact id: '0528f803ee43ae7d7e03570049dfccc7') in 0.016679 seconds
  Import took 0.022916 seconds .

========================================================================
Received Import Request.
  Time since last request: 0.000237 seconds.
  path: Assets/Simon/Rocks/Rock2/Rock2_M/Texture_nomoss/Rock2_low_NoUv_Rock2_Normal.png
  artifactKey: Guid(7f55881b0a5d51e4abd4cadadb3ced11) Importer(815301076,1909f56bfc062723c751e8b465ee728b)
Start importing Assets/Simon/Rocks/Rock2/Rock2_M/Texture_nomoss/Rock2_low_NoUv_Rock2_Normal.png using Guid(7f55881b0a5d51e4abd4cadadb3ced11) Importer(815301076,1909f56bfc062723c751e8b465ee728b)  -> (artifact id: 'f1a35ba707eef19ba9da628ca66ede37') in 0.010781 seconds
  Import took 0.018927 seconds .

========================================================================
Received Import Request.
  Time since last request: 16.797271 seconds.
  path: Assets/Simon/Rocks/Rock2/Rock2_Moss_M/Texture_moss1/Rock2_low_NoUv_Rock2_BaseMap.png
  artifactKey: Guid(ebe4b8de164415343b3162283261b4e7) Importer(815301076,1909f56bfc062723c751e8b465ee728b)
Start importing Assets/Simon/Rocks/Rock2/Rock2_Moss_M/Texture_moss1/Rock2_low_NoUv_Rock2_BaseMap.png using Guid(ebe4b8de164415343b3162283261b4e7) Importer(815301076,1909f56bfc062723c751e8b465ee728b)  -> (artifact id: 'e0b3612c359d535c0eb127d1ab7f5769') in 0.008179 seconds
  Import took 0.014126 seconds .

========================================================================
Received Import Request.
  Time since last request: 0.000319 seconds.
  path: Assets/Simon/Rocks/Rock2/Rock2_Moss_M/Texture_moss1/Rock2_low_NoUv_Rock2_MaskMap.png
  artifactKey: Guid(cf1421a01c3281f4289556aa716125d3) Importer(815301076,1909f56bfc062723c751e8b465ee728b)
Start importing Assets/Simon/Rocks/Rock2/Rock2_Moss_M/Texture_moss1/Rock2_low_NoUv_Rock2_MaskMap.png using Guid(cf1421a01c3281f4289556aa716125d3) Importer(815301076,1909f56bfc062723c751e8b465ee728b)  -> (artifact id: '76e5cd6722ee4ccf0f09a61c6bdbc20b') in 0.009806 seconds
  Import took 0.016368 seconds .

========================================================================
Received Import Request.
  Time since last request: 0.000252 seconds.
  path: Assets/Simon/Rocks/Rock2/Rock2_Moss_M/Texture_moss1/Rock2_low_NoUv_Rock2_Normal.png
  artifactKey: Guid(aa4ba770b19d5594ab6e0bd3b695355f) Importer(815301076,1909f56bfc062723c751e8b465ee728b)
Start importing Assets/Simon/Rocks/Rock2/Rock2_Moss_M/Texture_moss1/Rock2_low_NoUv_Rock2_Normal.png using Guid(aa4ba770b19d5594ab6e0bd3b695355f) Importer(815301076,1909f56bfc062723c751e8b465ee728b)  -> (artifact id: 'e58dc36c4322e5830f19a3c689673dad') in 0.011179 seconds
  Import took 0.019295 seconds .

========================================================================
Received Import Request.
  Time since last request: 13.128469 seconds.
  path: Assets/Simon/Rocks/Rock2/Rock2_Moss_M/Rock2_Moss_M.mat
  artifactKey: Guid(01581f735b86e9f4fa53d0d243980540) Importer(815301076,1909f56bfc062723c751e8b465ee728b)
Start importing Assets/Simon/Rocks/Rock2/Rock2_Moss_M/Rock2_Moss_M.mat using Guid(01581f735b86e9f4fa53d0d243980540) Importer(815301076,1909f56bfc062723c751e8b465ee728b)  -> (artifact id: '157689d73732a73b224306c26e45d6ed') in 0.024509 seconds
  Import took 0.030780 seconds .

========================================================================
Received Import Request.
  Time since last request: 163.685329 seconds.
  path: Assets/Simon/Rocks/Rock2/Rock2_Moss_M/Texture_moss1
  artifactKey: Guid(f9a997d91bb3e7147a643f4c7cc6bc32) Importer(815301076,1909f56bfc062723c751e8b465ee728b)
Start importing Assets/Simon/Rocks/Rock2/Rock2_Moss_M/Texture_moss1 using Guid(f9a997d91bb3e7147a643f4c7cc6bc32) Importer(815301076,1909f56bfc062723c751e8b465ee728b)  -> (artifact id: 'c005c4a7d2e824b63a94a71ca069ee3a') in 0.002671 seconds
  Import took 0.009161 seconds .

========================================================================
Received Import Request.
  Time since last request: 2.443477 seconds.
  path: Assets/Simon/Rocks/Rock2/Rock2_M/Rock2_NoMoss.mat
  artifactKey: Guid(d0ba18fda0fb2954eb042bc38099a066) Importer(815301076,1909f56bfc062723c751e8b465ee728b)
Start importing Assets/Simon/Rocks/Rock2/Rock2_M/Rock2_NoMoss.mat using Guid(d0ba18fda0fb2954eb042bc38099a066) Importer(815301076,1909f56bfc062723c751e8b465ee728b)  -> (artifact id: '03caf9174a98f8c77a54afd052b90580') in 0.053018 seconds
  Import took 0.059581 seconds .

========================================================================
Received Import Request.
  Time since last request: 52.745144 seconds.
  path: Assets/Simon/Rocks/Rock2/Rock_WithMoss
  artifactKey: Guid(ee285b8ab8bf6624a862cde68fe7d939) Importer(815301076,1909f56bfc062723c751e8b465ee728b)
Start importing Assets/Simon/Rocks/Rock2/Rock_WithMoss using Guid(ee285b8ab8bf6624a862cde68fe7d939) Importer(815301076,1909f56bfc062723c751e8b465ee728b)  -> (artifact id: '1c0d1d5205b5e45f847f683c59db794e') in 0.002765 seconds
  Import took 0.009191 seconds .

========================================================================
Received Import Request.
  Time since last request: 9.482834 seconds.
  path: Assets/Simon/Rocks/Rock2/Rock_NoMoss
  artifactKey: Guid(2a2f9c4962ea49f45936fb58514e72dd) Importer(815301076,1909f56bfc062723c751e8b465ee728b)
Start importing Assets/Simon/Rocks/Rock2/Rock_NoMoss using Guid(2a2f9c4962ea49f45936fb58514e72dd) Importer(815301076,1909f56bfc062723c751e8b465ee728b)  -> (artifact id: '6cef8f96ac30f13a630700ab055b8946') in 0.002410 seconds
  Import took 0.008818 seconds .

========================================================================
Received Import Request.
  Time since last request: 4.703718 seconds.
  path: Assets/Simon/Rocks/Rock2/Rock2_NoMoss
  artifactKey: Guid(2a2f9c4962ea49f45936fb58514e72dd) Importer(815301076,1909f56bfc062723c751e8b465ee728b)
Start importing Assets/Simon/Rocks/Rock2/Rock2_NoMoss using Guid(2a2f9c4962ea49f45936fb58514e72dd) Importer(815301076,1909f56bfc062723c751e8b465ee728b)  -> (artifact id: 'acd71ee8a1bdaa783960b723eaba56ae') in 0.002462 seconds
  Import took 0.010321 seconds .

========================================================================
Received Import Request.
  Time since last request: 7.496334 seconds.
  path: Assets/Simon/Rocks/Rock2/Rock2_WithMoss
  artifactKey: Guid(ee285b8ab8bf6624a862cde68fe7d939) Importer(815301076,1909f56bfc062723c751e8b465ee728b)
Start importing Assets/Simon/Rocks/Rock2/Rock2_WithMoss using Guid(ee285b8ab8bf6624a862cde68fe7d939) Importer(815301076,1909f56bfc062723c751e8b465ee728b)  -> (artifact id: 'b20908ebea98cd6c083cb99d1b7fd09d') in 0.002364 seconds
  Import took 0.008754 seconds .

========================================================================
Received Import Request.
  Time since last request: 3.058422 seconds.
  path: Assets/Simon/Rocks/Rock2/Rock2_WithMoss/Texture_nomoss
  artifactKey: Guid(78ace20bf3ddf1848952cc284a8a669b) Importer(815301076,1909f56bfc062723c751e8b465ee728b)
Start importing Assets/Simon/Rocks/Rock2/Rock2_WithMoss/Texture_nomoss using Guid(78ace20bf3ddf1848952cc284a8a669b) Importer(815301076,1909f56bfc062723c751e8b465ee728b)  -> (artifact id: '9bf131b7f5848ae1c866fef608d2dc79') in 0.002332 seconds
  Import took 0.010160 seconds .

========================================================================
Received Import Request.
  Time since last request: 0.004923 seconds.
  path: Assets/Simon/Rocks/Rock2/Rock2_WithMoss/Texture_nomoss
  artifactKey: Guid(78ace20bf3ddf1848952cc284a8a669b) Importer(815301076,1909f56bfc062723c751e8b465ee728b)
Start importing Assets/Simon/Rocks/Rock2/Rock2_WithMoss/Texture_nomoss using Guid(78ace20bf3ddf1848952cc284a8a669b) Importer(815301076,1909f56bfc062723c751e8b465ee728b)  -> (artifact id: '9bf131b7f5848ae1c866fef608d2dc79') in 0.002197 seconds
  Import took 0.009365 seconds .

========================================================================
Received Import Request.
  Time since last request: 6.027439 seconds.
  path: Assets/New Terrain.asset
  artifactKey: Guid(10341f451284a9e4baff274fd9bf8462) Importer(815301076,1909f56bfc062723c751e8b465ee728b)
Start importing Assets/New Terrain.asset using Guid(10341f451284a9e4baff274fd9bf8462) Importer(815301076,1909f56bfc062723c751e8b465ee728b)  -> (artifact id: '7c1abfe27ed3371f209bf5e3821092d5') in 0.012712 seconds
  Import took 0.018408 seconds .

AssetImportWorkerClient::OnTransportError - code=2 error=End of file
