Using pre-set license
Built from '2020.3/staging' branch; Version is '2020.3.4f1 (0abb6314276a) revision 703331'; Using compiler version '192528614'; Build Type 'Release'
OS: 'Windows 10 Home; OS build 19042.985; Version 2009; 64bit' Language: 'en' Physical Memory: 16299 MB
BatchMode: 1, IsHumanControllingUs: 0, StartBugReporterOnCrash: 0, Is64bit: 1, IsPro: 0

 COMMAND LINE ARGUMENTS:
C:\Program Files\Unity\Hub\Editor\2020.3.4f1\Editor\Unity.exe
-adb2
-batchMode
-noUpm
-name
AssetImportWorker0
-projectPath
C:/Users/Johannes/Desktop/Unity Projects/Temple-of-Hon-ur2/Temple of Hon'ur2.0
-logFile
Logs/AssetImportWorker0.log
-srvPort
57231
Successfully changed project path to: C:/Users/Johannes/Desktop/Unity Projects/Temple-of-Hon-ur2/Temple of Hon'ur2.0
C:/Users/Johannes/Desktop/Unity Projects/Temple-of-Hon-ur2/Temple of Hon'ur2.0
Using Asset Import Pipeline V2.
Refreshing native plugins compatible for Editor in 33.31 ms, found 0 plugins.
Preloading 0 native plugins for Editor in 0.00 ms.
Initialize engine version: 2020.3.4f1 (0abb6314276a)
[Subsystems] Discovering subsystems at path C:/Program Files/Unity/Hub/Editor/2020.3.4f1/Editor/Data/Resources/UnitySubsystems
[Subsystems] Discovering subsystems at path C:/Users/Johannes/Desktop/Unity Projects/Temple-of-Hon-ur2/Temple of Hon'ur2.0/Assets
GfxDevice: creating device client; threaded=0
Direct3D:
    Version:  Direct3D 11.0 [level 11.1]
    Renderer: NVIDIA GeForce RTX 2080 (ID=0x1e87)
    Vendor:   
    VRAM:     8010 MB
    Driver:   27.21.14.5671
Initialize mono
Mono path[0] = 'C:/Program Files/Unity/Hub/Editor/2020.3.4f1/Editor/Data/Managed'
Mono path[1] = 'C:/Program Files/Unity/Hub/Editor/2020.3.4f1/Editor/Data/MonoBleedingEdge/lib/mono/unityjit'
Mono config path = 'C:/Program Files/Unity/Hub/Editor/2020.3.4f1/Editor/Data/MonoBleedingEdge/etc'
Using monoOptions --debugger-agent=transport=dt_socket,embedding=1,server=y,suspend=n,address=127.0.0.1:56320
Begin MonoManager ReloadAssembly
Registering precompiled unity dll's ...
Register platform support module: C:/Program Files/Unity/Hub/Editor/2020.3.4f1/Editor/Data/PlaybackEngines/WindowsStandaloneSupport/UnityEditor.WindowsStandalone.Extensions.dll
Registered in 0.001867 seconds.
Native extension for WindowsStandalone target not found
Refreshing native plugins compatible for Editor in 32.99 ms, found 0 plugins.
Preloading 0 native plugins for Editor in 0.00 ms.
Mono: successfully reloaded assembly
- Completed reload, in  0.891 seconds
Platform modules already initialized, skipping
Registering precompiled user dll's ...
Registered in 0.001392 seconds.
Begin MonoManager ReloadAssembly
Native extension for WindowsStandalone target not found
Refreshing native plugins compatible for Editor in 33.54 ms, found 0 plugins.
Preloading 0 native plugins for Editor in 0.00 ms.
Mono: successfully reloaded assembly
- Completed reload, in  0.786 seconds
Platform modules already initialized, skipping
========================================================================
Worker process is ready to serve import requests
Shader 'Universal Render Pipeline/Particles/Lit': fallback shader 'Universal Render Pipeline/Particles/SimpleLit' not found
Shader 'Universal Render Pipeline/Particles/Lit': fallback shader 'Universal Render Pipeline/Particles/SimpleLit' not found
Launched and connected shader compiler UnityShaderCompiler.exe after 0.04 seconds
Refreshing native plugins compatible for Editor in 0.34 ms, found 0 plugins.
Preloading 0 native plugins for Editor in 0.00 ms.
Unloading 2421 Unused Serialized files (Serialized files now loaded: 0)
System memory in use before: 114.4 MB.
System memory in use after: 111.6 MB.

Unloading 45 unused Assets to reduce memory usage. Loaded Objects now: 2829.
Total: 3.029300 ms (FindLiveObjects: 0.261500 ms CreateObjectMapping: 0.120900 ms MarkObjects: 1.533300 ms  DeleteObjects: 1.112800 ms)

========================================================================
Received Import Request.
  path: Assets/Scenes/SampleSceneLightingSettings.lighting
  artifactKey: Guid(477cc4148fad3449482a3bc3178594e2) Importer(815301076,1909f56bfc062723c751e8b465ee728b)
Start importing Assets/Scenes/SampleSceneLightingSettings.lighting using Guid(477cc4148fad3449482a3bc3178594e2) Importer(815301076,1909f56bfc062723c751e8b465ee728b)  -> (artifact id: '1e2ce30bce4bdb5982a60ea0121c00fc') in 0.039345 seconds
  Import took 0.042326 seconds .

========================================================================
Received Import Request.
  Time since last request: 29.125805 seconds.
  path: Assets
  artifactKey: Guid(00000000000000001000000000000000) Importer(815301076,1909f56bfc062723c751e8b465ee728b)
Start importing Assets using Guid(00000000000000001000000000000000) Importer(815301076,1909f56bfc062723c751e8b465ee728b)  -> (artifact id: '025e4f587c23674256bb898581e82961') in 0.004128 seconds
  Import took 0.006945 seconds .

========================================================================
Received Import Request.
  Time since last request: 4.196261 seconds.
  path: Assets/Johannes
  artifactKey: Guid(afac6ad1c14a7d3438306099656b5597) Importer(815301076,1909f56bfc062723c751e8b465ee728b)
Start importing Assets/Johannes using Guid(afac6ad1c14a7d3438306099656b5597) Importer(815301076,1909f56bfc062723c751e8b465ee728b)  -> (artifact id: '2d6dfad0676b85c7bc5efb8c60000b20') in 0.004360 seconds
  Import took 0.007608 seconds .

========================================================================
Received Import Request.
  Time since last request: 0.001753 seconds.
  path: Assets/Johannes
  artifactKey: Guid(afac6ad1c14a7d3438306099656b5597) Importer(815301076,1909f56bfc062723c751e8b465ee728b)
Start importing Assets/Johannes using Guid(afac6ad1c14a7d3438306099656b5597) Importer(815301076,1909f56bfc062723c751e8b465ee728b)  -> (artifact id: '2d6dfad0676b85c7bc5efb8c60000b20') in 0.003958 seconds
  Import took 0.007028 seconds .

========================================================================
Received Import Request.
  Time since last request: 7.119095 seconds.
  path: Assets/Simon
  artifactKey: Guid(050f8a01cd415bb4895d18775adc04fb) Importer(815301076,1909f56bfc062723c751e8b465ee728b)
Start importing Assets/Simon using Guid(050f8a01cd415bb4895d18775adc04fb) Importer(815301076,1909f56bfc062723c751e8b465ee728b)  -> (artifact id: '2a8c3f5381bd31b1512d7b1aee709a39') in 0.004878 seconds
  Import took 0.007790 seconds .

========================================================================
Received Import Request.
  Time since last request: 0.004668 seconds.
  path: Assets/Simon
  artifactKey: Guid(050f8a01cd415bb4895d18775adc04fb) Importer(815301076,1909f56bfc062723c751e8b465ee728b)
Start importing Assets/Simon using Guid(050f8a01cd415bb4895d18775adc04fb) Importer(815301076,1909f56bfc062723c751e8b465ee728b)  -> (artifact id: '2a8c3f5381bd31b1512d7b1aee709a39') in 0.003833 seconds
  Import took 0.007000 seconds .

========================================================================
Received Import Request.
  Time since last request: 3.582165 seconds.
  path: Assets/Scenes
  artifactKey: Guid(bd2315a1fd4c4b14784e6abbbe89ee4f) Importer(815301076,1909f56bfc062723c751e8b465ee728b)
Start importing Assets/Scenes using Guid(bd2315a1fd4c4b14784e6abbbe89ee4f) Importer(815301076,1909f56bfc062723c751e8b465ee728b)  -> (artifact id: '60a3372b43bde510a17c74dc71fdfb13') in 0.004297 seconds
  Import took 0.007217 seconds .

========================================================================
Received Import Request.
  Time since last request: 6.393398 seconds.
  path: Assets/Scenes/Simon.unity
  artifactKey: Guid(43f91c95fc515d74dab58ae31bccc69f) Importer(815301076,1909f56bfc062723c751e8b465ee728b)
Start importing Assets/Scenes/Simon.unity using Guid(43f91c95fc515d74dab58ae31bccc69f) Importer(815301076,1909f56bfc062723c751e8b465ee728b)  -> (artifact id: '9e2d23124dd0a2714290bb33c76e9e0f') in 0.005108 seconds
  Import took 0.008095 seconds .

========================================================================
Received Import Request.
  Time since last request: 0.002574 seconds.
  path: Assets/Scenes/Simon.unity
  artifactKey: Guid(43f91c95fc515d74dab58ae31bccc69f) Importer(815301076,1909f56bfc062723c751e8b465ee728b)
Start importing Assets/Scenes/Simon.unity using Guid(43f91c95fc515d74dab58ae31bccc69f) Importer(815301076,1909f56bfc062723c751e8b465ee728b)  -> (artifact id: '9e2d23124dd0a2714290bb33c76e9e0f') in 0.004127 seconds
  Import took 0.007180 seconds .

========================================================================
Received Import Request.
  Time since last request: 9.093647 seconds.
  path: Assets/Scenes/Johannes.unity
  artifactKey: Guid(1a11f57734e679e429f8f5aea2534e61) Importer(815301076,1909f56bfc062723c751e8b465ee728b)
Start importing Assets/Scenes/Johannes.unity using Guid(1a11f57734e679e429f8f5aea2534e61) Importer(815301076,1909f56bfc062723c751e8b465ee728b)  -> (artifact id: 'c0751a5be109bab8d70155ed596f338d') in 0.004622 seconds
  Import took 0.007464 seconds .

========================================================================
Received Import Request.
  Time since last request: 111.393591 seconds.
  path: Assets/Materials
  artifactKey: Guid(d0234ba368eeec9418390da711bfdad0) Importer(815301076,1909f56bfc062723c751e8b465ee728b)
Start importing Assets/Materials using Guid(d0234ba368eeec9418390da711bfdad0) Importer(815301076,1909f56bfc062723c751e8b465ee728b)  -> (artifact id: 'c376fd585a0381c7ad3ab888e6affab3') in 0.004478 seconds
  Import took 0.007563 seconds .

========================================================================
Received Import Request.
  Time since last request: 0.003408 seconds.
  path: Assets/Materials
  artifactKey: Guid(d0234ba368eeec9418390da711bfdad0) Importer(815301076,1909f56bfc062723c751e8b465ee728b)
Start importing Assets/Materials using Guid(d0234ba368eeec9418390da711bfdad0) Importer(815301076,1909f56bfc062723c751e8b465ee728b)  -> (artifact id: 'c376fd585a0381c7ad3ab888e6affab3') in 0.003508 seconds
  Import took 0.006507 seconds .

========================================================================
Received Import Request.
  Time since last request: 50.705191 seconds.
  path: Assets/Johannes/FTP_LP@Walking.fbx
  artifactKey: Guid(eda29e97f9811624582d76cf5a7760da) Importer(815301076,1909f56bfc062723c751e8b465ee728b)
Start importing Assets/Johannes/FTP_LP@Walking.fbx using Guid(eda29e97f9811624582d76cf5a7760da) Importer(815301076,1909f56bfc062723c751e8b465ee728b)  -> (artifact id: '84db0076c9c4599ec44602f67ad696cd') in 0.920009 seconds
  Import took 0.923493 seconds .

========================================================================
Received Import Request.
  Time since last request: 19.512687 seconds.
  path: Assets/Johannes/FTP_LP_Body_BaseMap.png
  artifactKey: Guid(a8b50b5342ddaf34fbd141a272e366c3) Importer(815301076,1909f56bfc062723c751e8b465ee728b)
Start importing Assets/Johannes/FTP_LP_Body_BaseMap.png using Guid(a8b50b5342ddaf34fbd141a272e366c3) Importer(815301076,1909f56bfc062723c751e8b465ee728b)  -> (artifact id: '6414c8d9ec9626af5ff90aea8569547c') in 0.037942 seconds
  Import took 0.040958 seconds .

========================================================================
Received Import Request.
  Time since last request: 0.000177 seconds.
  path: Assets/Johannes/FTP_LP_Clothes_MaskMap.png
  artifactKey: Guid(70ce487af03db6146b9837369578aff1) Importer(815301076,1909f56bfc062723c751e8b465ee728b)
Start importing Assets/Johannes/FTP_LP_Clothes_MaskMap.png using Guid(70ce487af03db6146b9837369578aff1) Importer(815301076,1909f56bfc062723c751e8b465ee728b)  -> (artifact id: '0ab476d2cd775eb754b7ab8363c6d320') in 0.036875 seconds
  Import took 0.040544 seconds .

========================================================================
Received Import Request.
  Time since last request: 0.000195 seconds.
  path: Assets/Johannes/FTP_LP_Body_Emissive.png
  artifactKey: Guid(cf5714d582338eb4fb4dadcf1ab9a6c3) Importer(815301076,1909f56bfc062723c751e8b465ee728b)
Start importing Assets/Johannes/FTP_LP_Body_Emissive.png using Guid(cf5714d582338eb4fb4dadcf1ab9a6c3) Importer(815301076,1909f56bfc062723c751e8b465ee728b)  -> (artifact id: 'a4aa5a6d07236a903fa32a91604fdc15') in 0.011596 seconds
  Import took 0.014234 seconds .

========================================================================
Received Import Request.
  Time since last request: 0.000233 seconds.
  path: Assets/Johannes/FTP_LP_Body_MaskMap.png
  artifactKey: Guid(38ab93b5fddbd374689082ef4459f86a) Importer(815301076,1909f56bfc062723c751e8b465ee728b)
Start importing Assets/Johannes/FTP_LP_Body_MaskMap.png using Guid(38ab93b5fddbd374689082ef4459f86a) Importer(815301076,1909f56bfc062723c751e8b465ee728b)  -> (artifact id: '29deaf547749918e27767508522cae84') in 0.024505 seconds
  Import took 0.028427 seconds .

========================================================================
Received Import Request.
  Time since last request: 0.000183 seconds.
  path: Assets/Johannes/FTP_LP_Clothes_Normal.png
  artifactKey: Guid(3614319c0b4e559478964e35fa17fe30) Importer(815301076,1909f56bfc062723c751e8b465ee728b)
Start importing Assets/Johannes/FTP_LP_Clothes_Normal.png using Guid(3614319c0b4e559478964e35fa17fe30) Importer(815301076,1909f56bfc062723c751e8b465ee728b)  -> (artifact id: 'f217026069921c01df18376ea41476f0') in 0.012424 seconds
  Import took 0.015472 seconds .

========================================================================
Received Import Request.
  Time since last request: 0.000189 seconds.
  path: Assets/Johannes/FTP_LP_Body_MaskMap.png
  artifactKey: Guid(38ab93b5fddbd374689082ef4459f86a) Importer(815301076,1909f56bfc062723c751e8b465ee728b)
Start importing Assets/Johannes/FTP_LP_Body_MaskMap.png using Guid(38ab93b5fddbd374689082ef4459f86a) Importer(815301076,1909f56bfc062723c751e8b465ee728b)  -> (artifact id: '29deaf547749918e27767508522cae84') in 0.018356 seconds
  Import took 0.022146 seconds .

========================================================================
Received Import Request.
  Time since last request: 0.000221 seconds.
  path: Assets/Johannes/FTP_LP_Body_Normal.png
  artifactKey: Guid(0514f649b12e0574cb1bfdffcfa653e1) Importer(815301076,1909f56bfc062723c751e8b465ee728b)
Start importing Assets/Johannes/FTP_LP_Body_Normal.png using Guid(0514f649b12e0574cb1bfdffcfa653e1) Importer(815301076,1909f56bfc062723c751e8b465ee728b)  -> (artifact id: '8438f7051588ce0dd1ce46c39baee87e') in 0.011581 seconds
  Import took 0.014127 seconds .

========================================================================
Received Import Request.
  Time since last request: 0.000222 seconds.
  path: Assets/Johannes/FTP_LP_Clothes_BaseMap.png
  artifactKey: Guid(ca4b153f1968e8945a2fac2b729f09e6) Importer(815301076,1909f56bfc062723c751e8b465ee728b)
Start importing Assets/Johannes/FTP_LP_Clothes_BaseMap.png using Guid(ca4b153f1968e8945a2fac2b729f09e6) Importer(815301076,1909f56bfc062723c751e8b465ee728b)  -> (artifact id: '58cecf9c972fc58c7fd495c78ad99f4b') in 0.011856 seconds
  Import took 0.014325 seconds .

AssetImportWorkerClient::OnTransportError - code=2 error=End of file
